0 verbose cli D:\node.exe D:\node_modules\npm\bin\npm-cli.js
1 info using npm@11.6.2
2 info using node@v24.13.0
3 silly config load:file:D:\node_modules\npm\npmrc
4 silly config load:file:D:\.npmrc
5 silly config load:file:C:\Users\Lenovo\.npmrc
6 silly config load:file:C:\Users\Lenovo\AppData\Roaming\npm\etc\npmrc
7 verbose title npm exec create-vite@latest ./ --template react-ts
8 verbose argv "exec" "--cache" "./.npm-cache" "--yes" "--" "create-vite@latest" "./" "--template" "react-ts"
9 verbose logfile logs-max:10 dir:D:\งานสารบัญ\edite\ทั่วไป\no_code002\game_App\.npm-cache\_logs\2026-02-26T04_51_45_773Z-
10 verbose logfile D:\งานสารบัญ\edite\ทั่วไป\no_code002\game_App\.npm-cache\_logs\2026-02-26T04_51_45_773Z-debug-0.log
11 silly logfile done cleaning log files
12 silly packumentCache heap:2348810240 maxSize:587202560 maxEntrySize:293601280
13 http fetch GET 200 https://registry.npmjs.org/npm 502ms
14 http fetch GET 200 https://registry.npmjs.org/create-vite 392ms (cache miss)
15 verbose type system
16 verbose stack FetchError: Invalid response body while trying to fetch https://registry.npmjs.org/create-vite: EBUSY: resource busy or locked, unlink 'D:\งานสารบัญ\edite\ทั่วไป\no_code002\game_App\.npm-cache\_cacache\tmp\01f82e44'
16 verbose stack     at D:\node_modules\npm\node_modules\minipass-fetch\lib\body.js:170:15
16 verbose stack     at async Response.json (D:\node_modules\npm\node_modules\minipass-fetch\lib\body.js:75:17)
16 verbose stack     at async RegistryFetcher.packument (D:\node_modules\npm\node_modules\pacote\lib\registry.js:98:25)
16 verbose stack     at async RegistryFetcher.manifest (D:\node_modules\npm\node_modules\pacote\lib\registry.js:128:23)
16 verbose stack     at async getManifest (D:\node_modules\npm\node_modules\libnpmexec\lib\index.js:29:22)
16 verbose stack     at async missingFromTree (D:\node_modules\npm\node_modules\libnpmexec\lib\index.js:69:22)
16 verbose stack     at async D:\node_modules\npm\node_modules\libnpmexec\lib\index.js:186:32
16 verbose stack     at async Promise.all (index 0)
16 verbose stack     at async exec (D:\node_modules\npm\node_modules\libnpmexec\lib\index.js:184:3)
16 verbose stack     at async Npm.exec (D:\node_modules\npm\lib\npm.js:208:9)
17 error code EBUSY
18 error syscall unlink
19 error path D:\งานสารบัญ\edite\ทั่วไป\no_code002\game_App\.npm-cache\_cacache\tmp\01f82e44
20 error errno EBUSY
21 error Invalid response body while trying to fetch https://registry.npmjs.org/create-vite: EBUSY: resource busy or locked, unlink 'D:\งานสารบัญ\edite\ทั่วไป\no_code002\game_App\.npm-cache\_cacache\tmp\01f82e44'
22 verbose cwd D:\งานสารบัญ\edite\ทั่วไป\no_code002\game_App
23 verbose os Windows_NT 10.0.22631
24 verbose node v24.13.0
25 verbose npm  v11.6.2
26 notice
26 notice New minor version of npm available! 11.6.2 -> 11.11.0
26 notice Changelog: https://github.com/npm/cli/releases/tag/v11.11.0
26 notice To update run: npm install -g npm@11.11.0
26 notice  { force: true, Symbol(proc-log.meta): true }
27 verbose exit 1
28 verbose code 1
29 error A complete log of this run can be found in: D:\งานสารบัญ\edite\ทั่วไป\no_code002\game_App\.npm-cache\_logs\2026-02-26T04_51_45_773Z-debug-0.log
